<?xml version="1.0" encoding="UTF-8"?>
<testsuite xmlns:xsi="http://www.w3.org/2001/XMLSchema-instance" xsi:schemaLocation="https://maven.apache.org/surefire/maven-surefire-plugin/xsd/surefire-test-report.xsd" name="Xpath1" time="287.854" tests="5" errors="0" skipped="0" failures="0">
  <properties>
[...]
</properties>
  <testcase name="Verifying the Handling of Dynamic Controls for Interactive Elements" classname="Xpath1" time="55.773"/>
  <testcase name="Testing the Behavior of Dynamic UI Controls on a Web Page" classname="Xpath1" time="47.266"/>
  <testcase name="Validating the Functional Operations of Dynamic Elements in Real-Time" classname="Xpath1" time="52.485"/>
  <testcase name="Ensuring Proper Functionality of Dynamic Components under Various Conditions" classname="Xpath1" time="48.073"/>
  <testcase name="Examining the Interaction with Dynamically Loading Web Controls" classname="Xpath1" time="53.612"/>
</testsuite>