<?xml version="1.0" encoding="UTF-8"?>
<testsuite xmlns:xsi="http://www.w3.org/2001/XMLSchema-instance" xsi:schemaLocation="https://maven.apache.org/surefire/maven-surefire-plugin/xsd/surefire-test-report.xsd" name="runner.TestRunner" time="0.004" tests="1" errors="1" skipped="0" failures="0">
  <properties>
[...]
</properties>
  <testcase name="initializationError" classname="runner.TestRunner" time="0.002">
    <error message="Failed to parse resource at: file:///C:/Users/ADMIN/Downloads/4620/ScriptGeneration_202412180719792000/AlgoAFScript_202412180719792000/src/test/java/features/Xpath.feature&#10;(83:1): expected: #EOF, #TableRow, #TagLine, #ExamplesLine, #ScenarioLine, #RuleLine, #Comment, #Empty, got &apos;Total No. of Test Cases : 3&apos;&#10;(108:1): expected: #EOF, #TableRow, #TagLine, #ExamplesLine, #ScenarioLine, #RuleLine, #Comment, #Empty, got &apos;Total No. of Test Cases : 4&apos;" type="io.cucumber.core.gherkin.FeatureParserException">io.cucumber.core.gherkin.FeatureParserException: 
Failed to parse resource at: file:///C:/Users/ADMIN/Downloads/4620/ScriptGeneration_202412180719792000/AlgoAFScript_202412180719792000/src/test/java/features/Xpath.feature
(83:1): expected: #EOF, #TableRow, #TagLine, #ExamplesLine, #ScenarioLine, #RuleLine, #Comment, #Empty, got 'Total No. of Test Cases : 3'
(108:1): expected: #EOF, #TableRow, #TagLine, #ExamplesLine, #ScenarioLine, #RuleLine, #Comment, #Empty, got 'Total No. of Test Cases : 4'
</error>
  </testcase>
</testsuite>