<?xml version="1.0" encoding="UTF-8"?>
<testsuite xmlns:xsi="http://www.w3.org/2001/XMLSchema-instance" xsi:schemaLocation="https://maven.apache.org/surefire/maven-surefire-plugin/xsd/surefire-test-report.xsd" name="Validating Dynamic Controls on the User Interface for Functional Accuracy" time="265.442" tests="5" errors="0" skipped="0" failures="0">
  <properties>
[...]
</properties>
  <testcase name="Verifying the Handling of Dynamic Controls for Interactive Elements" classname="Validating Dynamic Controls on the User Interface for Functional Accuracy" time="55.502"/>
  <testcase name="Testing the Behavior of Dynamic UI Controls on a Web Page" classname="Validating Dynamic Controls on the User Interface for Functional Accuracy" time="46.431"/>
  <testcase name="Validating the Functional Operations of Dynamic Elements in Real-Time" classname="Validating Dynamic Controls on the User Interface for Functional Accuracy" time="45.396"/>
  <testcase name="Ensuring Proper Functionality of Dynamic Components under Various Conditions" classname="Validating Dynamic Controls on the User Interface for Functional Accuracy" time="57.393"/>
  <testcase name="Examining the Interaction with Dynamically Loading Web Controls" classname="Validating Dynamic Controls on the User Interface for Functional Accuracy" time="40.016"/>
</testsuite>